[2023-04-03 21:49:02.169] [info] System Info: 
[2023-04-03 21:49:02.169] [info]   OS Version: 10.0.22621
[2023-04-03 21:49:02.170] [info]   Is Wine: false
[2023-04-03 21:49:02.170] [info]   CPU: Intel(R) Core(TM) i5-10400F CPU @ 2.90GHz
[2023-04-03 21:49:02.170] [info]   CPU Counts: 12
[2023-04-03 21:49:02.170] [info]   CPU Arch: x64
[2023-04-03 21:49:02.170] [info]   RAM: 24470 MB
[2023-04-03 21:49:02.171] [info]   Time: 2023-04-03T21:49:02.000+0800
[2023-04-03 21:49:02.171] [info] 
[2023-04-03 21:49:02.171] [info] Exception Info: 
[2023-04-03 21:49:02.171] [info]   Code: 0xC0000409
[2023-04-03 21:49:02.171] [info]   Module: ucrtbase.dll
[2023-04-03 21:49:02.172] [info]   Address: 0x7FFB9D49F61E
[2023-04-03 21:49:02.172] [info]   Flags: 0x1
[2023-04-03 21:49:02.172] [info]   Number of Parameters: 1
[2023-04-03 21:49:02.172] [info]   Parameter 0: 0x7
[2023-04-03 21:49:02.172] [info] 
[2023-04-03 21:49:02.173] [info] Registers: 
[2023-04-03 21:49:02.173] [info]   RAX: 0x0000000000000001  RBX: 0x00000098D0BFC630  RCX: 0x0000000000000007
[2023-04-03 21:49:02.173] [info]   RDX: 0x0000402CE1191C52  RSI: 0x00000098D0BFC630  RDI: 0x00000098D0BFC140
[2023-04-03 21:49:02.173] [info]   RBP: 0x00000098D0BFBF50  RSP: 0x00000098D0BFB930  R8:  0x00007FFB9D520920
[2023-04-03 21:49:02.173] [info]   R9:  0x00000098D0BFB8A8  R10: 0x0000000000000012  R11: 0x0008008000002000
[2023-04-03 21:49:02.173] [info]   R12: 0x0000000000000000  R13: 0x00000098D0BFBA50  R14: 0x0000000000000000
[2023-04-03 21:49:02.174] [info]   R15: 0x00000098D0BFC140
[2023-04-03 21:49:02.174] [info]   RIP: 0x00007FFB9D49F61E  EFLAGS: 0x00000202
[2023-04-03 21:49:02.174] [info]   DR0: 0x0000000000000000  DR1: 0x0000000000000000  DR2: 0x0000000000000000
[2023-04-03 21:49:02.174] [info]   DR3: 0x0000000000000000  DR6: 0x0000000000000000  DR7: 0x0000000000000000
[2023-04-03 21:49:02.174] [info]   CS: 0x0033  DS: 0x0000   ES: 0x0000  FS: 0x0000   GS: 0x0000  SS: 0x002B
[2023-04-03 21:49:02.175] [info] 
[2023-04-03 21:49:02.175] [info] Last Assembly: 
[2023-04-03 21:49:02.175] [info]   0x7FFB9D49F61E --> int 0x29
[2023-04-03 21:49:02.175] [info] 
[2023-04-03 21:49:02.175] [info] Stacktrace: 
[2023-04-03 21:49:02.176] [info]   #0 at pc 0x7FFB9D49F5D0 ucrtbase.dll -> abort+0x4E
[2023-04-03 21:49:02.176] [info]   #1 at pc 0x7FFB9D49ED10 ucrtbase.dll -> terminate+0x29
[2023-04-03 21:49:02.177] [info]   #2 at pc 0x7FFB9D468090 ucrtbase.dll -> __C_specific_handler_noexcept+0x4A
[2023-04-03 21:49:02.177] [info]   #3 at pc 0x7FFBA0053CF0 ntdll.dll -> RtlpExecuteHandlerForException+0xF
[2023-04-03 21:49:02.178] [info]   #4 at pc 0x7FFB9FFCE1D0 ntdll.dll -> RtlDispatchException+0x286
[2023-04-03 21:49:02.178] [info]   #5 at pc 0x7FFBA0052CC0 ntdll.dll -> KiUserExceptionDispatch+0x2E
[2023-04-03 21:49:02.179] [info]   #6 at pc 0x7FFB9D90FE10 KERNELBASE.dll -> RaiseException+0x6C
[2023-04-03 21:49:02.180] [info]   #7 at pc 0x7FFB90AB6690 VCRUNTIME140.dll -> _CxxThrowException+0x90 [throw.cpp:75L]
[2023-04-03 21:49:02.213] [info]   #8 at pc 0x7FFB0ED07610 LiteLoader.Js.dll -> McClass::crashBDS+0xFB [ServerAPI.cpp:26L]
[2023-04-03 21:49:02.216] [info]   #9 at pc 0x7FFB0EAB2CD0 LiteLoader.Js.dll -> std::_Func_impl_no_alloc<script::Local<script::Value> (__cdecl*)(script::Arguments const &),script::Local<script::Value>,script::Arguments const &>::_Do_call+0x21 [functional:833L]
[2023-04-03 21:49:02.217] [info]   #10 at pc 0x7FFB0ED4F850 LiteLoader.Js.dll -> script::Arguments::~Arguments+0x5C
[2023-04-03 21:49:02.217] [info]   #11 at pc 0x7FFB0ED4EE30 LiteLoader.Js.dll -> script::String::newString+0x20F
[2023-04-03 21:49:02.218] [info]   #12 at pc 0x7FFB0ED4EE30 LiteLoader.Js.dll -> script::String::newString+0xC3
[2023-04-03 21:49:02.218] [info]   #13 at pc 0x7FFB0ED99F10 LiteLoader.Js.dll -> __JS_FreeValueRT+0xDC6B
[2023-04-03 21:49:02.219] [info]   #14 at pc 0x7FFB0ED812E0 LiteLoader.Js.dll -> JS_CallConstructor+0x652
[2023-04-03 21:49:02.219] [info]   #15 at pc 0x7FFB0ED812E0 LiteLoader.Js.dll -> JS_CallConstructor+0x15A1
[2023-04-03 21:49:02.219] [info]   #16 at pc 0x7FFB0ED81260 LiteLoader.Js.dll -> JS_Call+0x66
[2023-04-03 21:49:02.220] [info]   #17 at pc 0x7FFB0ED4B840 LiteLoader.Js.dll -> script::Local<script::Value>::operator==+0x29F
[2023-04-03 21:49:02.220] [info]   #18 at pc 0x7FFB0ED4B180 LiteLoader.Js.dll -> script::Local<script::Function>::call<script::Local<script::Value> const &,script::Local<script::Value> const &>+0x136
[2023-04-03 21:49:02.221] [info]   #19 at pc 0x7FFB0ED4C440 LiteLoader.Js.dll -> script::Local<script::Function>::callImpl+0x82
[2023-04-03 21:49:02.222] [info]   #20 at pc 0x7FFB0ED20860 LiteLoader.Js.dll -> script::Local<script::Function>::call+0x44 [Reference.h:485L]
[2023-04-03 21:49:02.222] [info]   #21 at pc 0x7FFB0ED20D60 LiteLoader.Js.dll -> `NewTimeout'::`2'::<lambda_1>::operator()+0x252 [TimeTaskSystem.cpp:124L]
[2023-04-03 21:49:02.244] [info]   #22 at pc 0x7FFB1042EC00 LiteLoader.dll -> ScheduleTaskQueueType::tick+0x7D7 [ScheduleAPI.cpp:125L]
[2023-04-03 21:49:02.272] [info]   #23 at pc 0x7FF7478CC280 bedrock_server_mod.exe -> Level::tick+0x4F
[2023-04-03 21:49:02.273] [info]   #24 at pc 0x7FF7477C94E0 bedrock_server_mod.exe -> GameSession::tick+0x3B
[2023-04-03 21:49:02.274] [info]   #25 at pc 0x7FF7475AD4E0 bedrock_server_mod.exe -> Minecraft::update+0x7BA
[2023-04-03 21:49:02.274] [info]   #26 at pc 0x7FF746DEBF10 bedrock_server_mod.exe -> ServerInstance::_update+0xF2
[2023-04-03 21:49:02.275] [info]   #27 at pc 0x7FF746DEA2D0 bedrock_server_mod.exe -> <lambda_f2e707221d48fb1510572c959b70280b>::operator()+0x4C7
[2023-04-03 21:49:02.275] [info]   #28 at pc 0x7FF746DE6650 bedrock_server_mod.exe -> std::thread::_Invoke<std::tuple<<lambda_f2e707221d48fb1510572c959b70280b> >,0>+0xE
[2023-04-03 21:49:02.276] [info]   #29 at pc 0x7FFB9D4492D0 ucrtbase.dll -> thread_start<unsigned int (__cdecl*)(void *),1>+0x93
[2023-04-03 21:49:02.276] [info]   #30 at pc 0x7FFB9E0526A0 KERNEL32.DLL -> BaseThreadInitThunk+0x1D
[2023-04-03 21:49:02.276] [info]   #31 at pc 0x7FFBA000A9D0 ntdll.dll -> RtlUserThreadStart+0x28
[2023-04-03 21:49:02.276] [info] 
[2023-04-03 21:49:02.298] [info] Modules: 
[2023-04-03 21:49:02.298] [info]   0x7FFB9FA50000  ADVAPI32.dll<6.2.22621.608>
[2023-04-03 21:49:02.298] [info]   0x7FFA97FB0000  CONCRT140.dll<14.34.31931.0>
[2023-04-03 21:49:02.298] [info]   0x7FFB9D5E0000  CRYPT32.dll<6.2.22621.674>
[2023-04-03 21:49:02.299] [info]   0x7FFB9C490000  CRYPTBASE.DLL<6.2.22621.1>
[2023-04-03 21:49:02.299] [info]   0x7FFB9D090000  CRYPTSP.dll<6.2.22621.1>
[2023-04-03 21:49:02.299] [info]   0x7FFB9B6E0000  DNSAPI.dll<6.2.22621.1194>
[2023-04-03 21:49:02.299] [info]   0x7FFB9D150000  DPAPI.DLL<6.2.22621.1>
[2023-04-03 21:49:02.299] [info]   0x7FFB9FF40000  GDI32.dll<6.2.22621.608>
[2023-04-03 21:49:02.299] [info]   0x7FFB9E220000  IMM32.DLL<6.2.22621.1344>
[2023-04-03 21:49:02.299] [info]   0x7FFB9B6B0000  IPHLPAPI.DLL<6.2.22621.1>
[2023-04-03 21:49:02.299] [info]   0x7FFB9E040000  KERNEL32.DLL<6.2.22621.1344>
[2023-04-03 21:49:02.300] [info]   0x7FFB9D880000  KERNELBASE.dll<6.2.22621.1413>
[2023-04-03 21:49:02.300] [info]   0x7FFB5A000000  LLPreLoader.dll
[2023-04-03 21:49:02.300] [info]   0x7FFB0EA40000  LiteLoader.Js.dll<2.12.3.0>
[2023-04-03 21:49:02.300] [info]   0x7FFAFAD00000  LiteLoader.Lua.dll<2.12.3.0>
[2023-04-03 21:49:02.300] [info]   0x7FFAFA520000  LiteLoader.NodeJs.dll<2.12.3.0>
[2023-04-03 21:49:02.300] [info]   0x7FFAF4DE0000  LiteLoader.Python.dll<2.12.3.0>
[2023-04-03 21:49:02.301] [info]   0x7FFB10320000  LiteLoader.dll<2.12.3.0>
[2023-04-03 21:49:02.301] [info]   0x7FFB83F40000  MSVCP140.dll<14.34.31931.0>
[2023-04-03 21:49:02.301] [info]   0x7FFB9E640000  NSI.dll<6.2.22621.1>
[2023-04-03 21:49:02.301] [info]   0x7FFB9EE00000  OLEAUT32.dll<6.2.22621.608>
[2023-04-03 21:49:02.301] [info]   0x7FFB9F800000  PSAPI.DLL<6.2.22621.1>
[2023-04-03 21:49:02.301] [info]   0x7FFB584D0000  PermissionAPI.dll
[2023-04-03 21:49:02.302] [info]   0x7FFB9E260000  RPCRT4.dll<6.2.22621.1413>
[2023-04-03 21:49:02.302] [info]   0x7FFB9F700000  SHCORE.dll<6.2.22621.900>
[2023-04-03 21:49:02.302] [info]   0x7FFB9EF10000  SHELL32.dll<6.2.22621.1344>
[2023-04-03 21:49:02.302] [info]   0x7FFB9BD70000  SSPICLI.DLL<6.2.22621.674>
[2023-04-03 21:49:02.302] [info]   0x7FFB806E0000  Secur32.dll<6.2.22621.1>
[2023-04-03 21:49:02.303] [info]   0x7FFB9CBA0000  UMPDC.dll<6.2.22621.1>
[2023-04-03 21:49:02.303] [info]   0x7FFB9E670000  USER32.dll<6.2.22621.1344>
[2023-04-03 21:49:02.303] [info]   0x7FFB9BFE0000  USERENV.dll<6.2.22621.1>
[2023-04-03 21:49:02.303] [info]   0x7FFB90AB0000  VCRUNTIME140.dll<14.34.31931.0>
[2023-04-03 21:49:02.303] [info]   0x7FFB82360000  VCRUNTIME140_1.dll<14.34.31931.0>
[2023-04-03 21:49:02.304] [info]   0x7FFB93D90000  VERSION.dll<6.2.22621.1>
[2023-04-03 21:49:02.304] [info]   0x7FFB93A80000  WINHTTP.dll<6.2.22621.608>
[2023-04-03 21:49:02.304] [info]   0x7FFB94570000  WINMM.dll<6.2.22621.608>
[2023-04-03 21:49:02.304] [info]   0x7FFB9F9D0000  WS2_32.dll<6.2.22621.1>
[2023-04-03 21:49:02.304] [info]   0x7FFB9CCB0000  bcrypt.dll<6.2.22621.1344>
[2023-04-03 21:49:02.304] [info]   0x7FFB9DC20000  bcryptPrimitives.dll<6.2.22621.1344>
[2023-04-03 21:49:02.305] [info]   0x7FF7464E0000  bedrock_server_mod.exe
[2023-04-03 21:49:02.305] [info]   0x7FFB9FBB0000  combase.dll<6.2.22621.1344>
[2023-04-03 21:49:02.305] [info]   0x7FFB9CD70000  dbghelp.dll<6.2.22621.1>
[2023-04-03 21:49:02.305] [info]   0x7FFB93A60000  dhcpcsvc.DLL<6.2.22621.1344>
[2023-04-03 21:49:02.305] [info]   0x7FFB93DA0000  dhcpcsvc6.DLL<6.2.22621.1344>
[2023-04-03 21:49:02.305] [info]   0x7FFB92C60000  fwpuclnt.dll<6.2.22621.1105>
[2023-04-03 21:49:02.306] [info]   0x7FFB9DCA0000  gdi32full.dll<6.2.22621.1344>
[2023-04-03 21:49:02.306] [info]   0x7FFB9BB60000  kernel.appcore.dll<6.2.22621.1>
[2023-04-03 21:49:02.306] [info]   0x7FFB1E3E0000  libcrypto-1_1-x64.dll<1.1.1.12>
[2023-04-03 21:49:02.306] [info]   0x7FFB1C490000  libcrypto-3-x64.dll<3.0.5.0>
[2023-04-03 21:49:02.306] [info]   0x7FFAF5590000  libnode.dll<16.16.0.0>
[2023-04-03 21:49:02.306] [info]   0x7FFB28E00000  libssl-1_1-x64.dll<1.1.1.12>
[2023-04-03 21:49:02.307] [info]   0x7FFB38100000  libssl-3-x64.dll<3.0.5.0>
[2023-04-03 21:49:02.307] [info]   0x7FFB59F40000  lua5.4.3.dll
[2023-04-03 21:49:02.307] [info]   0x0000607E0000  mdnsNSP.dll<3.1.0.1>
[2023-04-03 21:49:02.307] [info]   0x7FFB9D540000  msvcp_win.dll<6.2.22621.608>
[2023-04-03 21:49:02.307] [info]   0x7FFB9E820000  msvcrt.dll<7.0.22621.608>
[2023-04-03 21:49:02.307] [info]   0x7FFB9BF70000  mswsock.dll<6.2.22621.1>
[2023-04-03 21:49:02.308] [info]   0x7FFB7C3E0000  napinsp.dll<6.2.22621.1>
[2023-04-03 21:49:02.308] [info]   0x7FFB7AF40000  nlansp_c.dll<6.2.22621.1>
[2023-04-03 21:49:02.308] [info]   0x7FFB9FFB0000  ntdll.dll<6.2.22621.1344>
[2023-04-03 21:49:02.308] [info]   0x7FFB9E4A0000  ole32.dll<6.2.22621.608>
[2023-04-03 21:49:02.308] [info]   0x7FFB7AF70000  pnrpnsp.dll<6.2.22621.1>
[2023-04-03 21:49:02.308] [info]   0x7FFB9CD20000  powrprof.dll<6.2.22621.1344>
[2023-04-03 21:49:02.308] [info]   0x7FFB1BF30000  python310.dll<3.10.9150.1013>
[2023-04-03 21:49:02.309] [info]   0x7FFB93670000  rasadhlp.dll<6.2.22621.1>
[2023-04-03 21:49:02.309] [info]   0x7FFB9C270000  rsaenh.dll<6.2.22621.1>
[2023-04-03 21:49:02.309] [info]   0x7FFB9E110000  sechost.dll<6.2.22621.608>
[2023-04-03 21:49:02.309] [info]   0x7FFB9E1C0000  shlwapi.dll<6.2.22621.608>
[2023-04-03 21:49:02.309] [info]   0x7FFB316A0000  sqlite3.dll
[2023-04-03 21:49:02.309] [info]   0x7FFB9D420000  ucrtbase.dll<6.2.22621.608>
[2023-04-03 21:49:02.310] [info]   0x7FFB9D3F0000  win32u.dll<6.2.22621.1413>
[2023-04-03 21:49:02.310] [info]   0x7FFB9A990000  windows.storage.dll<6.2.22621.1344>
[2023-04-03 21:49:02.310] [info]   0x7FFB7A710000  winrnr.dll<6.2.22621.1>
[2023-04-03 21:49:02.310] [info]   0x7FFB9A850000  wintypes.dll<6.2.22621.1344>
[2023-04-03 21:49:02.310] [info]   0x7FFB939E0000  wshbth.dll<6.2.22621.1>
